0 info it worked if it ends with ok
1 verbose cli [ 'C:\\Program Files\\nodejs\\\\node.exe',
1 verbose cli   'C:\\Program Files\\nodejs\\node_modules\\npm\\bin\\npm-cli.js',
1 verbose cli   'publish' ]
2 info using npm@2.7.4
3 info using node@v0.12.2
4 verbose node symlink C:\Program Files\nodejs\\node.exe
5 verbose publish [ '.' ]
6 silly cache add args [ '.', null ]
7 verbose cache add spec .
8 silly cache add parsed spec { raw: '.',
8 silly cache add   scope: null,
8 silly cache add   name: null,
8 silly cache add   rawSpec: '.',
8 silly cache add   spec: 'C:\\Users\\alvin\\Workspace\\jui',
8 silly cache add   type: 'directory' }
9 verbose addLocalDirectory C:\Users\alvin\AppData\Roaming\npm-cache\jui\1.3.6\package.tgz not in flight; packing
10 verbose tar pack [ 'C:\\Users\\alvin\\AppData\\Roaming\\npm-cache\\jui\\1.3.6\\package.tgz',
10 verbose tar pack   'C:\\Users\\alvin\\Workspace\\jui' ]
11 verbose tarball C:\Users\alvin\AppData\Roaming\npm-cache\jui\1.3.6\package.tgz
12 verbose folder C:\Users\alvin\Workspace\jui
13 info prepublish jui@1.3.6
14 verbose addLocalTarball adding from inside cache C:\Users\alvin\AppData\Roaming\npm-cache\jui\1.3.6\package.tgz
15 silly cache afterAdd jui@1.3.6
16 verbose afterAdd C:\Users\alvin\AppData\Roaming\npm-cache\jui\1.3.6\package\package.json not in flight; writing
17 verbose afterAdd C:\Users\alvin\AppData\Roaming\npm-cache\jui\1.3.6\package\package.json written
18 silly publish { name: 'jui',
18 silly publish   version: '1.3.6',
18 silly publish   description: 'JENNIFER UI is all free. a simple, fast, many: JUI is all-in-one desktop UI framework. Bootstrap support, Independent style & script components, SVG-based chart components.',
18 silly publish   scripts: { test: 'echo "Error: no test specified" && exit 1' },
18 silly publish   main: 'jui.node.js',
18 silly publish   repository: { type: 'git', url: 'https://github.com/seogi1004/jui.git' },
18 silly publish   keywords:
18 silly publish    [ 'HTML5',
18 silly publish      'CSS',
18 silly publish      'JS',
18 silly publish      'JavaScript',
18 silly publish      'SVG',
18 silly publish      'chart',
18 silly publish      'framework',
18 silly publish      'bootstrap',
18 silly publish      'front-end',
18 silly publish      'frontend',
18 silly publish      'web development',
18 silly publish      'free',
18 silly publish      'MIT' ],
18 silly publish   author: { name: 'seogi1004' },
18 silly publish   license: 'MIT',
18 silly publish   bugs: { url: 'https://github.com/seogi1004/jui/issues' },
18 silly publish   devDependencies:
18 silly publish    { css: '^2.1.0',
18 silly publish      datauri: '^0.6.0',
18 silly publish      grunt: '~0.4.4',
18 silly publish      'grunt-contrib-concat': '~0.3.0',
18 silly publish      'grunt-contrib-copy': '~0.5.0',
18 silly publish      'grunt-contrib-cssmin': '~0.9.0',
18 silly publish      'grunt-contrib-less': '~0.11.0',
18 silly publish      'grunt-contrib-qunit': '~0.4.0',
18 silly publish      'grunt-contrib-uglify': '~0.4.0',
18 silly publish      'grunt-contrib-watch': '*',
18 silly publish      'load-grunt-tasks': '~0.2.0' },
18 silly publish   categories: [ 'Frameworks', 'UI' ],
18 silly publish   maintainers: [ { name: 'Alvin', email: 'alvin@jennifersoft.com' } ],
18 silly publish   contributors:
18 silly publish    [ { name: 'Jayden', email: 'jayden@jennifersoft.com' },
18 silly publish      { name: 'Yoha', email: 'yoha@jennifersoft.com' } ],
18 silly publish   jam:
18 silly publish    { dependencies: { jquery: '>1.8.0' },
18 silly publish      main: 'jui.min.js',
18 silly publish      shim: { deps: [Object], exports: 'jui' } },
18 silly publish   dependencies: { jsdom: '~3.1.0', jquery: '~2.1.3' },
18 silly publish   readme: '## Getting Started\r\n\r\n#### Install\r\nJUI library only requires the user to load a single package file.\r\nAccess to the jui class must then be configured in the markup.\r\n```html\r\n<link rel="stylesheet" href="jui.min.css" />\r\n<body class="jui">...</body>\r\n```\r\n\r\nAs the script works only with jQuery 1.8 or higher, it is necessary to load the jQuery library first.\r\n```html\r\n<script src="jquery.min.js"></script>\r\n<script src="jui.min.js"></script>\r\n```\r\n\r\n#### Install with Bower\r\n```\r\nbower install jui\r\n```\r\n\r\n#### Install with JamJS\r\n```\r\njamjs install jui\r\n```\r\n\r\n#### Build\r\nBuild using a grunt in JUI Library\r\n```\r\ngrunt       // Build all processes\r\ngrunt js    // Merge and Minifiy JavaScript files\r\ngrunt css   // Compile LESS files\r\ngrunt test  // Unit Tests\r\n```\r\nAfter the build output is shown below.\r\n```\r\njui.js\r\njui.min.js\r\njui.comp.js\r\njui.comp.min.js\r\njui.table.js\r\njui.table.min.js\r\njui.chart.js\r\njui.chart.min.js\r\njui.css\r\njui.min.css \r\n```\r\n\r\n## Using in NodeJS\r\nYou can use the JUI chart in server as well as client.\r\nGet started right now in NodeJS.\r\n\r\n#### Install\r\n```\r\nnpm install jui\r\n```\r\n\r\n#### Example\r\n```js\r\nvar jui = require("jui");   // use jui package \r\nvar fs = require("fs");\r\n\r\n// create jui chart \r\nvar chart = jui.create("chart.builder", $("<div></div>"), {\r\n    width : 800,\r\n    height : 800,\r\n    axis : {\r\n        x : {\r\n           type : "block",\r\n           domain : "quarter",\r\n           line : true\r\n        },\r\n        y : {\r\n            type : "range",\r\n            domain : [ -100, 50 ],\r\n            step : 10,\r\n            line : true,\r\n            orient : "right"\r\n        },\r\n        data : [\r\n          { quarter : "1Q", sales : 50, profit : 35 },\r\n          { quarter : "2Q", sales : -20, profit : -100 },\r\n          { quarter : "3Q", sales : 10, profit : -5 },\r\n          { quarter : "4Q", sales : 30, profit : 25 }\r\n        ]\r\n\r\n    }, \r\n    brush : {\r\n        type : "column",\r\n        target : [ "sales", "profit" ]\r\n    }\r\n});\r\n\r\n// save file as xml  \r\nfs.writeFileSync("test.svg", chart.svg.toXml());\r\n```\r\n\r\n## Documentation\r\n\r\n##### http://jui.io\r\n##### http://uiplay.jui.io\r\n##### http://chartplay.jui.io\r\n\r\n## Maintainers\r\n\r\nCreated by Alvin and Jayden, Yoha\r\n\r\n## License\r\n\r\nMIT License \r\n\r\nCopyright (C) 2015 (```JenniferSoft Inc.```)\r\n\r\nPermission is hereby granted, free of charge, to any person obtaining a copy\r\nof this software and associated documentation files (the "Software"), to deal\r\nin the Software without restriction, including without limitation the rights\r\nto use, copy, modify, merge, publish, distribute, sublicense, and/or sell\r\ncopies of the Software, and to permit persons to whom the Software is\r\nfurnished to do so, subject to the following conditions:\r\n\r\nThe above copyright notice and this permission notice shall be included in\r\nall copies or substantial portions of the Software.\r\n\r\nTHE SOFTWARE IS PROVIDED "AS IS", WITHOUT WARRANTY OF ANY KIND, EXPRESS OR\r\nIMPLIED, INCLUDING BUT NOT LIMITED TO THE WARRANTIES OF MERCHANTABILITY,\r\nFITNESS FOR A PARTICULAR PURPOSE AND NONINFRINGEMENT. IN NO EVENT SHALL THE\r\nAUTHORS OR COPYRIGHT HOLDERS BE LIABLE FOR ANY CLAIM, DAMAGES OR OTHER\r\nLIABILITY, WHETHER IN AN ACTION OF CONTRACT, TORT OR OTHERWISE, ARISING FROM,\r\nOUT OF OR IN CONNECTION WITH THE SOFTWARE OR THE USE OR OTHER DEALINGS IN\r\nTHE SOFTWARE.\r\n',
18 silly publish   readmeFilename: 'README.md',
18 silly publish   gitHead: 'b85cffd1f4b5c04dc75203924c68206226c3f539',
18 silly publish   homepage: 'https://github.com/seogi1004/jui',
18 silly publish   _id: 'jui@1.3.6',
18 silly publish   _shasum: '475deb7ec38744b3d1e8c01c02c244f852ea1ca7',
18 silly publish   _from: '.' }
19 silly mapToRegistry name jui
20 silly mapToRegistry using default registry
21 silly mapToRegistry registry https://registry.npmjs.org/
22 silly mapToRegistry uri https://registry.npmjs.org/jui
23 verbose publish registryBase https://registry.npmjs.org/
24 silly publish uploading C:\Users\alvin\AppData\Roaming\npm-cache\jui\1.3.6\package.tgz
25 verbose request uri https://registry.npmjs.org/jui
26 verbose request sending authorization for write operation
27 info attempt registry request try #1 at 17:39:47
28 verbose request using bearer token for auth
29 verbose request id 7b00c23629007061
30 http request PUT https://registry.npmjs.org/jui
31 http 403 https://registry.npmjs.org/jui
32 verbose headers { 'content-type': 'application/json',
32 verbose headers   'cache-control': 'max-age=60',
32 verbose headers   'content-length': '95',
32 verbose headers   'accept-ranges': 'bytes',
32 verbose headers   date: 'Fri, 03 Jul 2015 08:39:50 GMT',
32 verbose headers   via: '1.1 varnish',
32 verbose headers   connection: 'keep-alive',
32 verbose headers   'x-served-by': 'cache-nrt6133-NRT',
32 verbose headers   'x-cache': 'MISS',
32 verbose headers   'x-cache-hits': '0',
32 verbose headers   'x-timer': 'S1435912787.427230,VS0,VE3195' }
33 verbose request invalidating C:\Users\alvin\AppData\Roaming\npm-cache\registry.npmjs.org\jui on PUT
34 error publish Failed PUT 403
35 verbose stack Error: "You cannot publish over the previously published version 1.3.6." : jui
35 verbose stack     at CachingRegistryClient.<anonymous> (C:\Program Files\nodejs\node_modules\npm\node_modules\npm-registry-client\lib\request.js:247:14)
35 verbose stack     at Request._callback (C:\Program Files\nodejs\node_modules\npm\node_modules\npm-registry-client\lib\request.js:170:14)
35 verbose stack     at Request.self.callback (C:\Program Files\nodejs\node_modules\npm\node_modules\request\request.js:344:22)
35 verbose stack     at Request.emit (events.js:110:17)
35 verbose stack     at Request.<anonymous> (C:\Program Files\nodejs\node_modules\npm\node_modules\request\request.js:1239:14)
35 verbose stack     at Request.emit (events.js:129:20)
35 verbose stack     at IncomingMessage.<anonymous> (C:\Program Files\nodejs\node_modules\npm\node_modules\request\request.js:1187:12)
35 verbose stack     at IncomingMessage.emit (events.js:129:20)
35 verbose stack     at _stream_readable.js:908:16
35 verbose stack     at process._tickCallback (node.js:355:11)
36 verbose statusCode 403
37 verbose pkgid jui
38 verbose cwd C:\Users\alvin\Workspace\jui
39 error Windows_NT 6.1.7601
40 error argv "C:\\Program Files\\nodejs\\\\node.exe" "C:\\Program Files\\nodejs\\node_modules\\npm\\bin\\npm-cli.js" "publish"
41 error node v0.12.2
42 error npm  v2.7.4
43 error code E403
44 error "You cannot publish over the previously published version 1.3.6." : jui
45 error If you need help, you may report this error at:
45 error     <https://github.com/npm/npm/issues>
46 verbose exit [ 1, true ]
